# JRE version: OpenJDK Runtime Environment (11.0.10) (build 11.0.10+0-b96-7249189)
# Java VM: OpenJDK 64-Bit Server VM (11.0.10+0-b96-7249189, mixed mode, tiered, compressed oops, g1 gc, windows-amd64)
Heap:
 garbage-first heap   total 414720K, used 142254K [0x0000000080000000, 0x0000000100000000)
  region size 1024K, 3 young (3072K), 3 survivors (3072K)
 Metaspace       used 136398K, capacity 140135K, committed 140280K, reserved 1171456K
  class space    used 16669K, capacity 17967K, committed 17996K, reserved 1048576K
GC Heap History (20 events):
Event: 8790.620 GC heap after
{Heap after GC invocations=105 (full 0):
 garbage-first heap   total 264192K, used 139313K [0x0000000080000000, 0x0000000100000000)
  region size 1024K, 2 young (2048K), 2 survivors (2048K)
 Metaspace       used 136243K, capacity 139975K, committed 140024K, reserved 1171456K
  class space    used 16668K, capacity 17964K, committed 17996K, reserved 1048576K
}
Event: 8791.672 GC heap before
{Heap before GC invocations=105 (full 0):
 garbage-first heap   total 264192K, used 223281K [0x0000000080000000, 0x0000000100000000)
  region size 1024K, 84 young (86016K), 2 survivors (2048K)
 Metaspace       used 136263K, capacity 139975K, committed 140024K, reserved 1171456K
  class space    used 16668K, capacity 17964K, committed 17996K, reserved 1048576K
}
Event: 8791.685 GC heap after
{Heap after GC invocations=106 (full 0):
 garbage-first heap   total 264192K, used 140341K [0x0000000080000000, 0x0000000100000000)
  region size 1024K, 3 young (3072K), 3 survivors (3072K)
 Metaspace       used 136263K, capacity 139975K, committed 140024K, reserved 1171456K
  class space    used 16668K, capacity 17964K, committed 17996K, reserved 1048576K
}
Event: 8793.035 GC heap before
{Heap before GC invocations=107 (full 0):
 garbage-first heap   total 264192K, used 225333K [0x0000000080000000, 0x0000000100000000)
  region size 1024K, 86 young (88064K), 3 survivors (3072K)
 Metaspace       used 136267K, capacity 139975K, committed 140024K, reserved 1171456K
  class space    used 16668K, capacity 17964K, committed 17996K, reserved 1048576K
}
Event: 8793.044 GC heap after
{Heap after GC invocations=108 (full 0):
 garbage-first heap   total 264192K, used 140168K [0x0000000080000000, 0x0000000100000000)
  region size 1024K, 2 young (2048K), 2 survivors (2048K)
 Metaspace       used 136267K, capacity 139975K, committed 140024K, reserved 1171456K
  class space    used 16668K, capacity 17964K, committed 17996K, reserved 1048576K
}
Event: 8793.166 GC heap before
{Heap before GC invocations=108 (full 0):
 garbage-first heap   total 264192K, used 150408K [0x0000000080000000, 0x0000000100000000)
  region size 1024K, 12 young (12288K), 2 survivors (2048K)
 Metaspace       used 136267K, capacity 139975K, committed 140024K, reserved 1171456K
  class space    used 16668K, capacity 17964K, committed 17996K, reserved 1048576K
}
Event: 8793.186 GC heap after
{Heap after GC invocations=109 (full 0):
 garbage-first heap   total 264192K, used 139930K [0x0000000080000000, 0x0000000100000000)
  region size 1024K, 2 young (2048K), 2 survivors (2048K)
 Metaspace       used 136267K, capacity 139975K, committed 140024K, reserved 1171456K
  class space    used 16668K, capacity 17964K, committed 17996K, reserved 1048576K
}
Event: 8794.074 GC heap before
{Heap before GC invocations=109 (full 0):
 garbage-first heap   total 264192K, used 225946K [0x0000000080000000, 0x0000000100000000)
  region size 1024K, 86 young (88064K), 2 survivors (2048K)
 Metaspace       used 136283K, capacity 139983K, committed 140024K, reserved 1171456K
  class space    used 16669K, capacity 17967K, committed 17996K, reserved 1048576K
}
Event: 8794.084 GC heap after
{Heap after GC invocations=110 (full 0):
 garbage-first heap   total 264192K, used 141024K [0x0000000080000000, 0x0000000100000000)
  region size 1024K, 3 young (3072K), 3 survivors (3072K)
 Metaspace       used 136283K, capacity 139983K, committed 140024K, reserved 1171456K
  class space    used 16669K, capacity 17967K, committed 17996K, reserved 1048576K
}
Event: 8795.419 GC heap before
{Heap before GC invocations=111 (full 0):
 garbage-first heap   total 264192K, used 227040K [0x0000000080000000, 0x0000000100000000)
  region size 1024K, 87 young (89088K), 3 survivors (3072K)
 Metaspace       used 136290K, capacity 139983K, committed 140024K, reserved 1171456K
  class space    used 16669K, capacity 17967K, committed 17996K, reserved 1048576K
}
Event: 8795.431 GC heap after
{Heap after GC invocations=112 (full 0):
 garbage-first heap   total 264192K, used 140582K [0x0000000080000000, 0x0000000100000000)
  region size 1024K, 2 young (2048K), 2 survivors (2048K)
 Metaspace       used 136290K, capacity 139983K, committed 140024K, reserved 1171456K
  class space    used 16669K, capacity 17967K, committed 17996K, reserved 1048576K
}
Event: 8795.537 GC heap before
{Heap before GC invocations=112 (full 0):
 garbage-first heap   total 264192K, used 150822K [0x0000000080000000, 0x0000000100000000)
  region size 1024K, 12 young (12288K), 2 survivors (2048K)
 Metaspace       used 136292K, capacity 139983K, committed 140024K, reserved 1171456K
  class space    used 16669K, capacity 17967K, committed 17996K, reserved 1048576K
}
Event: 8795.561 GC heap after
{Heap after GC invocations=113 (full 0):
 garbage-first heap   total 264192K, used 140118K [0x0000000080000000, 0x0000000100000000)
  region size 1024K, 2 young (2048K), 2 survivors (2048K)
 Metaspace       used 136292K, capacity 139983K, committed 140024K, reserved 1171456K
  class space    used 16669K, capacity 17967K, committed 17996K, reserved 1048576K
}
Event: 8796.415 GC heap before
{Heap before GC invocations=113 (full 0):
 garbage-first heap   total 264192K, used 227158K [0x0000000080000000, 0x0000000100000000)
  region size 1024K, 87 young (89088K), 2 survivors (2048K)
 Metaspace       used 136294K, capacity 139983K, committed 140024K, reserved 1171456K
  class space    used 16669K, capacity 17967K, committed 17996K, reserved 1048576K
}
Event: 8796.424 GC heap after
{Heap after GC invocations=114 (full 0):
 garbage-first heap   total 264192K, used 141015K [0x0000000080000000, 0x0000000100000000)
  region size 1024K, 3 young (3072K), 3 survivors (3072K)
 Metaspace       used 136294K, capacity 139983K, committed 140024K, reserved 1171456K
  class space    used 16669K, capacity 17967K, committed 17996K, reserved 1048576K
}
Event: 8797.683 GC heap before
{Heap before GC invocations=115 (full 0):
 garbage-first heap   total 264192K, used 228055K [0x0000000080000000, 0x0000000100000000)
  region size 1024K, 88 young (90112K), 3 survivors (3072K)
 Metaspace       used 136306K, capacity 139983K, committed 140024K, reserved 1171456K
  class space    used 16669K, capacity 17967K, committed 17996K, reserved 1048576K
}
Event: 8797.692 GC heap after
{Heap after GC invocations=116 (full 0):
 garbage-first heap   total 264192K, used 140942K [0x0000000080000000, 0x0000000100000000)
  region size 1024K, 3 young (3072K), 3 survivors (3072K)
 Metaspace       used 136306K, capacity 139983K, committed 140024K, reserved 1171456K
  class space    used 16669K, capacity 17967K, committed 17996K, reserved 1048576K
}
Event: 8797.792 GC heap before
{Heap before GC invocations=116 (full 0):
 garbage-first heap   total 264192K, used 150158K [0x0000000080000000, 0x0000000100000000)
  region size 1024K, 12 young (12288K), 3 survivors (3072K)
 Metaspace       used 136310K, capacity 140047K, committed 140280K, reserved 1171456K
  class space    used 16669K, capacity 17967K, committed 17996K, reserved 1048576K
}
Event: 8797.807 GC heap after
{Heap after GC invocations=117 (full 0):
 garbage-first heap   total 264192K, used 140748K [0x0000000080000000, 0x0000000100000000)
  region size 1024K, 1 young (1024K), 1 survivors (1024K)
 Metaspace       used 136310K, capacity 140047K, committed 140280K, reserved 1171456K
  class space    used 16669K, capacity 17967K, committed 17996K, reserved 1048576K
}
Event: 8798.956 GC heap before
{Heap before GC invocations=117 (full 0):
 garbage-first heap   total 264192K, used 224716K [0x0000000080000000, 0x0000000100000000)
  region size 1024K, 84 young (86016K), 1 survivors (1024K)
 Metaspace       used 136398K, capacity 140135K, committed 140280K, reserved 1171456K
  class space    used 16669K, capacity 17967K, committed 17996K, reserved 1048576K
}

